d:\project\startcpp2flycpp\basiccourse\basiccourse\x64\debug\vc143.pdb
d:\project\startcpp2flycpp\basiccourse\basiccourse\x64\debug\vc143.idb
d:\project\startcpp2flycpp\basiccourse\basiccourse\x64\debug\c2_basicgrammar.obj
d:\project\startcpp2flycpp\basiccourse\basiccourse\x64\debug\c1_helloworld.obj
d:\project\startcpp2flycpp\basiccourse\basiccourse\x64\debug\c3_variabletype.obj
d:\project\startcpp2flycpp\basiccourse\basiccourse\x64\debug\c4_scopeandconstant.obj
d:\project\startcpp2flycpp\basiccourse\basiccourse\x64\debug\c6_operator.obj
d:\project\startcpp2flycpp\basiccourse\basiccourse\x64\debug\c5_modifier.obj
d:\project\startcpp2flycpp\basiccourse\basiccourse\x64\debug\c7_circulate.obj
d:\project\startcpp2flycpp\basiccourse\basiccourse\x64\debug\c8_determine.obj
d:\project\startcpp2flycpp\basiccourse\basiccourse\x64\debug\c9_function.obj
d:\project\startcpp2flycpp\basiccourse\basiccourse\x64\debug\c10_number.obj
d:\project\startcpp2flycpp\basiccourse\basiccourse\x64\debug\c11_array.obj
d:\project\startcpp2flycpp\basiccourse\basiccourse\x64\debug\c13_pointer.obj
d:\project\startcpp2flycpp\basiccourse\basiccourse\x64\debug\c12_string.obj
d:\project\startcpp2flycpp\basiccourse\basiccourse\x64\debug\c14_quote.obj
d:\project\startcpp2flycpp\basiccourse\basiccourse\x64\debug\c15_time.obj
d:\project\startcpp2flycpp\basiccourse\basiccourse\x64\debug\c16_inputoutput.obj
d:\project\startcpp2flycpp\basiccourse\basiccourse\x64\debug\c18_classandobject.obj
d:\project\startcpp2flycpp\basiccourse\basiccourse\x64\debug\c17_structuralmorphology.obj
d:\project\startcpp2flycpp\basiccourse\basiccourse\x64\debug\c19_extends.obj
d:\project\startcpp2flycpp\basiccourse\basiccourse\x64\debug\c20_heavyload.obj
d:\project\startcpp2flycpp\basiccourse\basiccourse\x64\debug\c21_polymorphic.obj
d:\project\startcpp2flycpp\basiccourse\basiccourse\x64\debug\c22_abstract.obj
d:\project\startcpp2flycpp\basiccourse\basiccourse\x64\debug\c23_fileoperation.obj
d:\project\startcpp2flycpp\basiccourse\basiccourse\x64\debug\c24_exceptionhandling.obj
d:\project\startcpp2flycpp\basiccourse\basiccourse\x64\debug\c25_dynamicmemory.obj
d:\project\startcpp2flycpp\basiccourse\basiccourse\x64\debug\c26_namespace.obj
d:\project\startcpp2flycpp\basiccourse\basiccourse\x64\debug\c27_module.obj
d:\project\startcpp2flycpp\basiccourse\basiccourse\x64\debug\c28_pretreatment.obj
d:\project\startcpp2flycpp\basiccourse\basiccourse\x64\debug\c29_signal.obj
d:\project\startcpp2flycpp\basiccourse\basiccourse\x64\debug\c31_web.obj
d:\project\startcpp2flycpp\basiccourse\basiccourse\x64\debug\c30_thread.obj
d:\project\startcpp2flycpp\basiccourse\x64\debug\basiccourse.pdb
d:\project\startcpp2flycpp\basiccourse\basiccourse\x64\debug\basiccourse.tlog\cl.command.1.tlog
d:\project\startcpp2flycpp\basiccourse\basiccourse\x64\debug\basiccourse.tlog\cl.items.tlog
d:\project\startcpp2flycpp\basiccourse\basiccourse\x64\debug\basiccourse.tlog\cl.read.1.tlog
d:\project\startcpp2flycpp\basiccourse\basiccourse\x64\debug\basiccourse.tlog\cl.write.1.tlog
d:\project\startcpp2flycpp\basiccourse\basiccourse\x64\debug\basiccourse.tlog\link-cvtres.read.1.tlog
d:\project\startcpp2flycpp\basiccourse\basiccourse\x64\debug\basiccourse.tlog\link-cvtres.write.1.tlog
d:\project\startcpp2flycpp\basiccourse\basiccourse\x64\debug\basiccourse.tlog\link-rc.read.1.tlog
d:\project\startcpp2flycpp\basiccourse\basiccourse\x64\debug\basiccourse.tlog\link-rc.write.1.tlog
d:\project\startcpp2flycpp\basiccourse\basiccourse\x64\debug\basiccourse.tlog\link.41152-cvtres.read.1.tlog
d:\project\startcpp2flycpp\basiccourse\basiccourse\x64\debug\basiccourse.tlog\link.41152-cvtres.write.1.tlog
d:\project\startcpp2flycpp\basiccourse\basiccourse\x64\debug\basiccourse.tlog\link.41152-rc.read.1.tlog
d:\project\startcpp2flycpp\basiccourse\basiccourse\x64\debug\basiccourse.tlog\link.41152-rc.write.1.tlog
d:\project\startcpp2flycpp\basiccourse\basiccourse\x64\debug\basiccourse.tlog\link.41152.read.1.tlog
d:\project\startcpp2flycpp\basiccourse\basiccourse\x64\debug\basiccourse.tlog\link.41152.read.2.tlog
d:\project\startcpp2flycpp\basiccourse\basiccourse\x64\debug\basiccourse.tlog\link.41152.write.1.tlog
d:\project\startcpp2flycpp\basiccourse\basiccourse\x64\debug\basiccourse.tlog\link.command.1.tlog
d:\project\startcpp2flycpp\basiccourse\basiccourse\x64\debug\basiccourse.tlog\link.read.1.tlog
d:\project\startcpp2flycpp\basiccourse\basiccourse\x64\debug\basiccourse.tlog\link.read.2.tlog
d:\project\startcpp2flycpp\basiccourse\basiccourse\x64\debug\basiccourse.tlog\link.write.1.tlog
